{"C:\\Users\\dilce\\projeto_autenticacao_login\\src\\services\\auth.service.ts": {"path":"C:\\Users\\dilce\\projeto_autenticacao_login\\src\\services\\auth.service.ts","statementMap":{"0":{"start":{"line":5,"column":0},"end":{"line":5,"column":7}},"1":{"start":{"line":16,"column":0},"end":{"line":16,"column":7}},"2":{"start":{"line":23,"column":0},"end":{"line":23,"column":7}},"3":{"start":{"line":1,"column":0},"end":{"line":1,"column":46}},"4":{"start":{"line":3,"column":15},"end":{"line":3,"column":33}},"5":{"start":{"line":6,"column":23},"end":{"line":6,"column":73}},"6":{"start":{"line":7,"column":2},"end":{"line":9,"column":3}},"7":{"start":{"line":8,"column":4},"end":{"line":8,"column":16}},"8":{"start":{"line":10,"column":18},"end":{"line":12,"column":4}},"9":{"start":{"line":13,"column":2},"end":{"line":13,"column":17}},"10":{"start":{"line":18,"column":2},"end":{"line":20,"column":5}},"11":{"start":{"line":24,"column":2},"end":{"line":24,"column":63}}},"fnMap":{"0":{"name":"registerUser","decl":{"start":{"line":5,"column":22},"end":{"line":5,"column":34}},"loc":{"start":{"line":5,"column":80},"end":{"line":14,"column":1}}},"1":{"name":"getAllUsers","decl":{"start":{"line":16,"column":22},"end":{"line":16,"column":33}},"loc":{"start":{"line":16,"column":33},"end":{"line":21,"column":1}}},"2":{"name":"authenticateUser","decl":{"start":{"line":23,"column":22},"end":{"line":23,"column":38}},"loc":{"start":{"line":23,"column":70},"end":{"line":25,"column":1}}}},"branchMap":{"0":{"loc":{"start":{"line":7,"column":2},"end":{"line":9,"column":3}},"type":"if","locations":[{"start":{"line":7,"column":2},"end":{"line":9,"column":3}},{"start":{},"end":{}}]}},"s":{"0":1,"1":1,"2":1,"3":1,"4":1,"5":2,"6":2,"7":1,"8":1,"9":1,"10":2,"11":2},"f":{"0":2,"1":2,"2":2},"b":{"0":[1,1]}}
}
