TN:
SF:src\controllers\auth.controllers.ts
FN:5,(anonymous_2)
FN:29,(anonymous_3)
FN:51,(anonymous_4)
FNF:3
FNH:3
FNDA:3,(anonymous_2)
FNDA:4,(anonymous_3)
FNDA:1,(anonymous_4)
DA:2,1
DA:3,1
DA:5,1
DA:6,3
DA:8,3
DA:9,1
DA:12,2
DA:14,2
DA:15,1
DA:19,1
DA:26,1
DA:29,1
DA:30,4
DA:32,4
DA:33,1
DA:36,3
DA:37,1
DA:40,2
DA:42,2
DA:43,1
DA:47,1
DA:48,1
DA:51,1
DA:52,1
DA:53,1
LF:25
LH:25
BRDA:8,0,0,1
BRDA:8,0,1,2
BRDA:8,1,0,3
BRDA:8,1,1,2
BRDA:14,2,0,1
BRDA:14,2,1,1
BRDA:21,3,0,1
BRDA:21,3,1,0
BRDA:32,4,0,1
BRDA:32,4,1,3
BRDA:32,5,0,4
BRDA:32,5,1,3
BRDA:32,5,2,3
BRDA:36,6,0,1
BRDA:36,6,1,2
BRDA:42,7,0,1
BRDA:42,7,1,1
BRF:17
BRH:16
end_of_record
TN:
SF:src\middlewares\auth.middleware.ts
FN:4,authenticateToken
FN:10,(anonymous_2)
FNF:2
FNH:2
FNDA:3,authenticateToken
FNDA:2,(anonymous_2)
DA:2,1
DA:4,1
DA:5,3
DA:6,3
DA:8,3
DA:10,2
DA:11,2
DA:12,1
DA:13,1
LF:9
LH:9
BRDA:6,0,0,3
BRDA:6,0,1,2
BRDA:8,1,0,1
BRDA:8,1,1,2
BRDA:10,2,0,2
BRDA:10,2,1,2
BRDA:11,3,0,1
BRDA:11,3,1,1
BRF:8
BRH:8
end_of_record
TN:
SF:src\services\auth.service.ts
FN:5,registerUser
FN:16,getAllUsers
FN:23,authenticateUser
FNF:3
FNH:3
FNDA:2,registerUser
FNDA:2,getAllUsers
FNDA:2,authenticateUser
DA:1,2
DA:3,2
DA:5,2
DA:6,2
DA:7,2
DA:8,1
DA:10,1
DA:13,1
DA:16,2
DA:18,2
DA:23,2
DA:24,2
LF:12
LH:12
BRDA:7,0,0,1
BRDA:7,0,1,1
BRF:2
BRH:2
end_of_record
